[debug] ----------------------------------------------------------------------
[debug] Command:      /Users/jaime/.nvm/versions/node/v12.13.0/bin/node /usr/local/bin/firebase deploy
[debug] CLI Version:  3.6.0
[debug] Platform:     darwin
[debug] Node Version: v12.13.0
[debug] Time:         Mon Nov 11 2019 19:46:57 GMT-0600 (Central Standard Time)
[debug] ----------------------------------------------------------------------
[debug] 
[debug] > command requires scopes: ["email","openid","https://www.googleapis.com/auth/cloudplatformprojects.readonly","https://www.googleapis.com/auth/firebase","https://www.googleapis.com/auth/cloud-platform"]
[debug] > refreshing access token with scopes: ["email","https://www.googleapis.com/auth/cloud-platform","https://www.googleapis.com/auth/cloudplatformprojects.readonly","https://www.googleapis.com/auth/firebase","openid"]
[debug] >>> HTTP REQUEST POST https://www.googleapis.com/oauth2/v3/token {
  refresh_token: '1/mJfvnWq2UVZuRCf-cBKuB-0p7xANN2lgzTP-VeUFKnYi_6RC-Hvp5LJJ9wsjwMeb',
  client_id: '563584335869-fgrhgmd47bqnekij5i8b5pr03ho849e6.apps.googleusercontent.com',
  client_secret: 'j9iVZfS8kkCEFUPaAeJV0sAi',
  grant_type: 'refresh_token',
  scope: 'email https://www.googleapis.com/auth/cloud-platform https://www.googleapis.com/auth/cloudplatformprojects.readonly https://www.googleapis.com/auth/firebase openid'
} 
 Mon Nov 11 2019 19:46:57 GMT-0600 (Central Standard Time)
[debug] <<< HTTP RESPONSE 200
[debug] >>> HTTP REQUEST GET https://admin.firebase.com/v1/projects/hackernews-303ba  
 Mon Nov 11 2019 19:46:57 GMT-0600 (Central Standard Time)
[debug] <<< HTTP RESPONSE 200
[debug] >>> HTTP REQUEST GET https://admin.firebase.com/v1/database/hackernews-303ba/tokens  
 Mon Nov 11 2019 19:46:57 GMT-0600 (Central Standard Time)
[debug] <<< HTTP RESPONSE 200
